# JRE version: OpenJDK Runtime Environment (8.0_152-b02) (build 1.8.0_152-release-1024-b02)
# Java VM: OpenJDK 64-Bit Server VM (25.152-b02 mixed mode windows-amd64 compressed oops)
Heap:
 PSYoungGen      total 143872K, used 143776K [0x00000000e0000000, 0x00000000eb480000, 0x0000000100000000)
  eden space 135680K, 100% used [0x00000000e0000000,0x00000000e8480000,0x00000000e8480000)
  from space 8192K, 98% used [0x00000000e9300000,0x00000000e9ae8090,0x00000000e9b00000)
  to   space 19968K, 99% used [0x00000000ea100000,0x00000000eb47c228,0x00000000eb480000)
 ParOldGen       total 140288K, used 67480K [0x00000000a0000000, 0x00000000a8900000, 0x00000000e0000000)
  object space 140288K, 48% used [0x00000000a0000000,0x00000000a41e6100,0x00000000a8900000)
 Metaspace       used 76615K, capacity 79204K, committed 79448K, reserved 1118208K
  class space    used 9894K, capacity 10579K, committed 10624K, reserved 1048576K
GC Heap History (10 events):
Event: 45.941 GC heap after
Heap after GC invocations=18 (full 3):
 PSYoungGen      total 130560K, used 12768K [0x00000000e0000000, 0x00000000eac80000, 0x0000000100000000)
  eden space 117760K, 0% used [0x00000000e0000000,0x00000000e0000000,0x00000000e7300000)
  from space 12800K, 99% used [0x00000000e7300000,0x00000000e7f78030,0x00000000e7f80000)
  to   space 14848K, 0% used [0x00000000e9e00000,0x00000000e9e00000,0x00000000eac80000)
 ParOldGen       total 140288K, used 31534K [0x00000000a0000000, 0x00000000a8900000, 0x00000000e0000000)
  object space 140288K, 22% used [0x00000000a0000000,0x00000000a1ecba90,0x00000000a8900000)
 Metaspace       used 59714K, capacity 61530K, committed 61784K, reserved 1101824K
  class space    used 8085K, capacity 8558K, committed 8576K, reserved 1048576K
}
Event: 84.263 GC heap before
{Heap before GC invocations=19 (full 3):
 PSYoungGen      total 130560K, used 130528K [0x00000000e0000000, 0x00000000eac80000, 0x0000000100000000)
  eden space 117760K, 100% used [0x00000000e0000000,0x00000000e7300000,0x00000000e7300000)
  from space 12800K, 99% used [0x00000000e7300000,0x00000000e7f78030,0x00000000e7f80000)
  to   space 14848K, 0% used [0x00000000e9e00000,0x00000000e9e00000,0x00000000eac80000)
 ParOldGen       total 140288K, used 31534K [0x00000000a0000000, 0x00000000a8900000, 0x00000000e0000000)
  object space 140288K, 22% used [0x00000000a0000000,0x00000000a1ecba90,0x00000000a8900000)
 Metaspace       used 64544K, capacity 66726K, committed 67032K, reserved 1107968K
  class space    used 8540K, capacity 9110K, committed 9216K, reserved 1048576K
Event: 84.382 GC heap after
Heap after GC invocations=19 (full 3):
 PSYoungGen      total 155648K, used 10661K [0x00000000e0000000, 0x00000000eaa00000, 0x0000000100000000)
  eden space 143360K, 0% used [0x00000000e0000000,0x00000000e0000000,0x00000000e8c00000)
  from space 12288K, 86% used [0x00000000e9e00000,0x00000000ea869568,0x00000000eaa00000)
  to   space 15360K, 0% used [0x00000000e8c00000,0x00000000e8c00000,0x00000000e9b00000)
 ParOldGen       total 140288K, used 42792K [0x00000000a0000000, 0x00000000a8900000, 0x00000000e0000000)
  object space 140288K, 30% used [0x00000000a0000000,0x00000000a29ca320,0x00000000a8900000)
 Metaspace       used 64544K, capacity 66726K, committed 67032K, reserved 1107968K
  class space    used 8540K, capacity 9110K, committed 9216K, reserved 1048576K
}
Event: 108.728 GC heap before
{Heap before GC invocations=20 (full 3):
 PSYoungGen      total 155648K, used 154021K [0x00000000e0000000, 0x00000000eaa00000, 0x0000000100000000)
  eden space 143360K, 100% used [0x00000000e0000000,0x00000000e8c00000,0x00000000e8c00000)
  from space 12288K, 86% used [0x00000000e9e00000,0x00000000ea869568,0x00000000eaa00000)
  to   space 15360K, 0% used [0x00000000e8c00000,0x00000000e8c00000,0x00000000e9b00000)
 ParOldGen       total 140288K, used 42817K [0x00000000a0000000, 0x00000000a8900000, 0x00000000e0000000)
  object space 140288K, 30% used [0x00000000a0000000,0x00000000a29d0580,0x00000000a8900000)
 Metaspace       used 69470K, capacity 71770K, committed 71896K, reserved 1112064K
  class space    used 9076K, capacity 9678K, committed 9728K, reserved 1048576K
Event: 108.855 GC heap after
Heap after GC invocations=20 (full 3):
 PSYoungGen      total 158720K, used 15357K [0x00000000e0000000, 0x00000000ec980000, 0x0000000100000000)
  eden space 143360K, 0% used [0x00000000e0000000,0x00000000e0000000,0x00000000e8c00000)
  from space 15360K, 99% used [0x00000000e8c00000,0x00000000e9aff738,0x00000000e9b00000)
  to   space 22016K, 0% used [0x00000000eb400000,0x00000000eb400000,0x00000000ec980000)
 ParOldGen       total 140288K, used 55435K [0x00000000a0000000, 0x00000000a8900000, 0x00000000e0000000)
  object space 140288K, 39% used [0x00000000a0000000,0x00000000a3622fe8,0x00000000a8900000)
 Metaspace       used 69470K, capacity 71770K, committed 71896K, reserved 1112064K
  class space    used 9076K, capacity 9678K, committed 9728K, reserved 1048576K
}
Event: 998.558 GC heap before
{Heap before GC invocations=21 (full 3):
 PSYoungGen      total 158720K, used 158717K [0x00000000e0000000, 0x00000000ec980000, 0x0000000100000000)
  eden space 143360K, 100% used [0x00000000e0000000,0x00000000e8c00000,0x00000000e8c00000)
  from space 15360K, 99% used [0x00000000e8c00000,0x00000000e9aff738,0x00000000e9b00000)
  to   space 22016K, 0% used [0x00000000eb400000,0x00000000eb400000,0x00000000ec980000)
 ParOldGen       total 140288K, used 55441K [0x00000000a0000000, 0x00000000a8900000, 0x00000000e0000000)
  object space 140288K, 39% used [0x00000000a0000000,0x00000000a3624750,0x00000000a8900000)
 Metaspace       used 72129K, capacity 74566K, committed 74840K, reserved 1114112K
  class space    used 9353K, capacity 9996K, committed 10112K, reserved 1048576K
Event: 998.648 GC heap after
Heap after GC invocations=21 (full 3):
 PSYoungGen      total 147456K, used 7700K [0x00000000e0000000, 0x00000000ebc00000, 0x0000000100000000)
  eden space 139264K, 0% used [0x00000000e0000000,0x00000000e0000000,0x00000000e8800000)
  from space 8192K, 93% used [0x00000000eb400000,0x00000000ebb850d8,0x00000000ebc00000)
  to   space 20992K, 0% used [0x00000000e9300000,0x00000000e9300000,0x00000000ea780000)
 ParOldGen       total 140288K, used 67296K [0x00000000a0000000, 0x00000000a8900000, 0x00000000e0000000)
  object space 140288K, 47% used [0x00000000a0000000,0x00000000a41b8100,0x00000000a8900000)
 Metaspace       used 72129K, capacity 74566K, committed 74840K, reserved 1114112K
  class space    used 9353K, capacity 9996K, committed 10112K, reserved 1048576K
}
Event: 1024.870 GC heap before
{Heap before GC invocations=22 (full 3):
 PSYoungGen      total 147456K, used 146964K [0x00000000e0000000, 0x00000000ebc00000, 0x0000000100000000)
  eden space 139264K, 100% used [0x00000000e0000000,0x00000000e8800000,0x00000000e8800000)
  from space 8192K, 93% used [0x00000000eb400000,0x00000000ebb850d8,0x00000000ebc00000)
  to   space 20992K, 0% used [0x00000000e9300000,0x00000000e9300000,0x00000000ea780000)
 ParOldGen       total 140288K, used 67296K [0x00000000a0000000, 0x00000000a8900000, 0x00000000e0000000)
  object space 140288K, 47% used [0x00000000a0000000,0x00000000a41b8100,0x00000000a8900000)
 Metaspace       used 72458K, capacity 74936K, committed 75096K, reserved 1114112K
  class space    used 9378K, capacity 10031K, committed 10112K, reserved 1048576K
Event: 1024.907 GC heap after
Heap after GC invocations=22 (full 3):
 PSYoungGen      total 143872K, used 8096K [0x00000000e0000000, 0x00000000eb480000, 0x0000000100000000)
  eden space 135680K, 0% used [0x00000000e0000000,0x00000000e0000000,0x00000000e8480000)
  from space 8192K, 98% used [0x00000000e9300000,0x00000000e9ae8090,0x00000000e9b00000)
  to   space 19968K, 0% used [0x00000000ea100000,0x00000000ea100000,0x00000000eb480000)
 ParOldGen       total 140288K, used 67304K [0x00000000a0000000, 0x00000000a8900000, 0x00000000e0000000)
  object space 140288K, 47% used [0x00000000a0000000,0x00000000a41ba100,0x00000000a8900000)
 Metaspace       used 72458K, capacity 74936K, committed 75096K, reserved 1114112K
  class space    used 9378K, capacity 10031K, committed 10112K, reserved 1048576K
}
Event: 1035.350 GC heap before
{Heap before GC invocations=23 (full 3):
 PSYoungGen      total 143872K, used 143776K [0x00000000e0000000, 0x00000000eb480000, 0x0000000100000000)
  eden space 135680K, 100% used [0x00000000e0000000,0x00000000e8480000,0x00000000e8480000)
  from space 8192K, 98% used [0x00000000e9300000,0x00000000e9ae8090,0x00000000e9b00000)
  to   space 19968K, 0% used [0x00000000ea100000,0x00000000ea100000,0x00000000eb480000)
 ParOldGen       total 140288K, used 67304K [0x00000000a0000000, 0x00000000a8900000, 0x00000000e0000000)
  object space 140288K, 47% used [0x00000000a0000000,0x00000000a41ba100,0x00000000a8900000)
 Metaspace       used 76615K, capacity 79204K, committed 79448K, reserved 1118208K
  class space    used 9894K, capacity 10579K, committed 10624K, reserved 1048576K

